dh_update_autotools_config
dh_autotools-dev_updateconfig
override_dh_autoreconf dh_autoreconf
dh_autoreconf
dh_auto_configure
override_dh_auto_build dh_auto_build
dh_auto_build
dh_auto_test
dh_prep
dh_installdirs
override_dh_auto_install dh_auto_install
dh_auto_install
override_dh_install dh_install
dh_install
dh_installdocs
dh_installchangelogs
dh_installexamples
dh_installman
dh_systemd_enable
dh_installinit
dh_systemd_start
dh_installlogrotate
dh_lintian
dh_perl
dh_link
dh_strip_nondeterminism
dh_compress
override_dh_fixperms dh_fixperms
dh_fixperms
override_dh_strip dh_strip
dh_strip
dh_makeshlibs
dh_shlibdeps
dh_installdeb
override_dh_gencontrol dh_gencontrol
dh_gencontrol
dh_md5sums
override_dh_builddeb dh_builddeb
override_dh_builddeb dh_builddeb
override_dh_builddeb dh_builddeb
override_dh_builddeb dh_builddeb
override_dh_builddeb dh_builddeb
override_dh_builddeb dh_builddeb
override_dh_builddeb dh_builddeb
override_dh_builddeb dh_builddeb
override_dh_builddeb dh_builddeb
override_dh_builddeb dh_builddeb
override_dh_builddeb dh_builddeb
override_dh_builddeb dh_builddeb
override_dh_builddeb dh_builddeb
override_dh_builddeb dh_builddeb
dh_builddeb
